<?xml version="1.0" encoding="UTF-8"?>
<testsuite name="com.movies.movies_app.test.MemberRegistrationTest" time="0.742" tests="1" errors="1" skipped="0" failures="0">
  <properties>
[...]
</properties>
  <testcase name="testRegister" classname="com.movies.movies_app.test.MemberRegistrationTest" time="0.742">
    <error message="java.lang.IllegalArgumentException: Unknown entity: com.movies.movies_app.model.Member" type="javax.ejb.EJBException">javax.ejb.EJBException: java.lang.IllegalArgumentException: Unknown entity: com.movies.movies_app.model.Member
	at org.hibernate.ejb.AbstractEntityManagerImpl.persist(AbstractEntityManagerImpl.java:856)
	at org.jboss.as.jpa.container.AbstractEntityManager.persist(AbstractEntityManager.java:563)
	at sun.reflect.NativeMethodAccessorImpl.invoke0(Native Method)
	at sun.reflect.NativeMethodAccessorImpl.invoke(NativeMethodAccessorImpl.java:57)
	at sun.reflect.DelegatingMethodAccessorImpl.invoke(DelegatingMethodAccessorImpl.java:43)
	at java.lang.reflect.Method.invoke(Method.java:606)
	at org.jboss.weld.util.reflection.SecureReflections$13.work(SecureReflections.java:264)
	at org.jboss.weld.util.reflection.SecureReflectionAccess.run(SecureReflectionAccess.java:52)
	at org.jboss.weld.util.reflection.SecureReflectionAccess.runAsInvocation(SecureReflectionAccess.java:137)
	at org.jboss.weld.util.reflection.SecureReflections.invoke(SecureReflections.java:260)
	at org.jboss.weld.bean.builtin.CallableMethodHandler.invoke(CallableMethodHandler.java:51)
	at org.jboss.weld.bean.proxy.EnterpriseTargetBeanInstance.invoke(EnterpriseTargetBeanInstance.java:56)
	at org.jboss.weld.bean.proxy.ProxyMethodHandler.invoke(ProxyMethodHandler.java:105)
	at org.jboss.weldx.persistence.EntityManager$1498860373$Proxy$_$$_Weld$Proxy$.persist(EntityManager$1498860373$Proxy$_$$_Weld$Proxy$.java)
	at com.movies.movies_app.controller.MemberRegistration.register(MemberRegistration.java:44)
	at sun.reflect.NativeMethodAccessorImpl.invoke0(Native Method)
	at sun.reflect.NativeMethodAccessorImpl.invoke(NativeMethodAccessorImpl.java:57)
	at sun.reflect.DelegatingMethodAccessorImpl.invoke(DelegatingMethodAccessorImpl.java:43)
	at java.lang.reflect.Method.invoke(Method.java:606)
	at org.jboss.as.ee.component.ManagedReferenceMethodInterceptorFactory$ManagedReferenceMethodInterceptor.processInvocation(ManagedReferenceMethodInterceptorFactory.java:72)
	at org.jboss.invocation.InterceptorContext.proceed(InterceptorContext.java:288)
	at org.jboss.invocation.InterceptorContext$Invocation.proceed(InterceptorContext.java:374)
	at org.jboss.as.weld.ejb.Jsr299BindingsInterceptor.doMethodInterception(Jsr299BindingsInterceptor.java:127)
	at org.jboss.as.weld.ejb.Jsr299BindingsInterceptor.processInvocation(Jsr299BindingsInterceptor.java:135)
	at org.jboss.as.ee.component.interceptors.UserInterceptorFactory$1.processInvocation(UserInterceptorFactory.java:36)
	at org.jboss.invocation.InterceptorContext.proceed(InterceptorContext.java:288)
	at org.jboss.invocation.WeavedInterceptor.processInvocation(WeavedInterceptor.java:53)
	at org.jboss.as.ee.component.interceptors.UserInterceptorFactory$1.processInvocation(UserInterceptorFactory.java:36)
	at org.jboss.invocation.InterceptorContext.proceed(InterceptorContext.java:288)
	at org.jboss.as.jpa.interceptor.SBInvocationInterceptor.processInvocation(SBInvocationInterceptor.java:47)
	at org.jboss.invocation.InterceptorContext.proceed(InterceptorContext.java:288)
	at org.jboss.as.jpa.interceptor.SFSBInvocationInterceptor.processInvocation(SFSBInvocationInterceptor.java:58)
	at org.jboss.invocation.InterceptorContext.proceed(InterceptorContext.java:288)
	at org.jboss.as.ejb3.component.stateful.StatefulSessionSynchronizationInterceptor.processInvocation(StatefulSessionSynchronizationInterceptor.java:156)
	at org.jboss.invocation.InterceptorContext.proceed(InterceptorContext.java:288)
	at org.jboss.as.weld.ejb.EjbRequestScopeActivationInterceptor.processInvocation(EjbRequestScopeActivationInterceptor.java:84)
	at org.jboss.invocation.InterceptorContext.proceed(InterceptorContext.java:288)
	at org.jboss.invocation.InitialInterceptor.processInvocation(InitialInterceptor.java:21)
	at org.jboss.invocation.InterceptorContext.proceed(InterceptorContext.java:288)
	at org.jboss.invocation.ChainedInterceptor.processInvocation(ChainedInterceptor.java:61)
	at org.jboss.as.ee.component.interceptors.ComponentDispatcherInterceptor.processInvocation(ComponentDispatcherInterceptor.java:53)
	at org.jboss.invocation.InterceptorContext.proceed(InterceptorContext.java:288)
	at org.jboss.as.ejb3.component.stateful.StatefulComponentInstanceInterceptor.processInvocation(StatefulComponentInstanceInterceptor.java:70)
	at org.jboss.invocation.InterceptorContext.proceed(InterceptorContext.java:288)
	at org.jboss.as.ejb3.tx.CMTTxInterceptor.invokeInOurTx(CMTTxInterceptor.java:228)
	at org.jboss.as.ejb3.tx.CMTTxInterceptor.required(CMTTxInterceptor.java:304)
	at org.jboss.as.ejb3.tx.CMTTxInterceptor.processInvocation(CMTTxInterceptor.java:190)
	at org.jboss.invocation.InterceptorContext.proceed(InterceptorContext.java:288)
	at org.jboss.as.ejb3.component.interceptors.CurrentInvocationContextInterceptor.processInvocation(CurrentInvocationContextInterceptor.java:41)
	at org.jboss.invocation.InterceptorContext.proceed(InterceptorContext.java:288)
	at org.jboss.as.ejb3.component.interceptors.LoggingInterceptor.processInvocation(LoggingInterceptor.java:59)
	at org.jboss.invocation.InterceptorContext.proceed(InterceptorContext.java:288)
	at org.jboss.as.ee.component.NamespaceContextInterceptor.processInvocation(NamespaceContextInterceptor.java:50)
	at org.jboss.invocation.InterceptorContext.proceed(InterceptorContext.java:288)
	at org.jboss.as.ee.component.TCCLInterceptor.processInvocation(TCCLInterceptor.java:45)
	at org.jboss.invocation.InterceptorContext.proceed(InterceptorContext.java:288)
	at org.jboss.invocation.ChainedInterceptor.processInvocation(ChainedInterceptor.java:61)
	at org.jboss.as.ee.component.ViewService$View.invoke(ViewService.java:165)
	at org.jboss.as.ee.component.ViewDescription$1.processInvocation(ViewDescription.java:173)
	at org.jboss.invocation.InterceptorContext.proceed(InterceptorContext.java:288)
	at org.jboss.as.ejb3.component.stateful.StatefulComponentIdInterceptor.processInvocation(StatefulComponentIdInterceptor.java:52)
	at org.jboss.invocation.InterceptorContext.proceed(InterceptorContext.java:288)
	at org.jboss.invocation.ChainedInterceptor.processInvocation(ChainedInterceptor.java:61)
	at org.jboss.as.ee.component.ProxyInvocationHandler.invoke(ProxyInvocationHandler.java:72)
	at com.movies.movies_app.controller.MemberRegistration$$$view4.register(Unknown Source)
	at sun.reflect.NativeMethodAccessorImpl.invoke0(Native Method)
	at sun.reflect.NativeMethodAccessorImpl.invoke(NativeMethodAccessorImpl.java:57)
	at sun.reflect.DelegatingMethodAccessorImpl.invoke(DelegatingMethodAccessorImpl.java:43)
	at java.lang.reflect.Method.invoke(Method.java:606)
	at org.jboss.weld.util.reflection.SecureReflections$13.work(SecureReflections.java:264)
	at org.jboss.weld.util.reflection.SecureReflectionAccess.run(SecureReflectionAccess.java:52)
	at org.jboss.weld.util.reflection.SecureReflectionAccess.runAsInvocation(SecureReflectionAccess.java:137)
	at org.jboss.weld.util.reflection.SecureReflections.invoke(SecureReflections.java:260)
	at org.jboss.weld.bean.proxy.EnterpriseBeanProxyMethodHandler.invoke(EnterpriseBeanProxyMethodHandler.java:111)
	at org.jboss.weld.bean.proxy.EnterpriseTargetBeanInstance.invoke(EnterpriseTargetBeanInstance.java:56)
	at org.jboss.weld.bean.proxy.ProxyMethodHandler.invoke(ProxyMethodHandler.java:105)
	at com.movies.movies_app.controller.MemberRegistration$Proxy$_$$_Weld$Proxy$.register(MemberRegistration$Proxy$_$$_Weld$Proxy$.java)
	at com.movies.movies_app.controller.MemberRegistration$Proxy$_$$_WeldClientProxy.register(MemberRegistration$Proxy$_$$_WeldClientProxy.java)
	at com.movies.movies_app.test.MemberRegistrationTest.testRegister(MemberRegistrationTest.java:44)
</error>
    <system-err><![CDATA[Feb 10, 2018 3:47:42 PM org.jboss.arquillian.protocol.jmx.JMXMethodExecutor invoke
SEVERE: Failed: com.movies.movies_app.test.MemberRegistrationTest.testRegister
javax.ejb.EJBException: java.lang.IllegalArgumentException: Unknown entity: com.movies.movies_app.model.Member
	at org.jboss.as.ejb3.tx.CMTTxInterceptor.handleExceptionInOurTx(CMTTxInterceptor.java:166)
	at org.jboss.as.ejb3.tx.CMTTxInterceptor.invokeInOurTx(CMTTxInterceptor.java:230)
	at org.jboss.as.ejb3.tx.CMTTxInterceptor.required(CMTTxInterceptor.java:304)
	at org.jboss.as.ejb3.tx.CMTTxInterceptor.processInvocation(CMTTxInterceptor.java:190)
	at org.jboss.invocation.InterceptorContext.proceed(InterceptorContext.java:288)
	at org.jboss.as.ejb3.component.interceptors.CurrentInvocationContextInterceptor.processInvocation(CurrentInvocationContextInterceptor.java:41)
	at org.jboss.invocation.InterceptorContext.proceed(InterceptorContext.java:288)
	at org.jboss.as.ejb3.component.interceptors.LoggingInterceptor.processInvocation(LoggingInterceptor.java:59)
	at org.jboss.invocation.InterceptorContext.proceed(InterceptorContext.java:288)
	at org.jboss.as.ee.component.NamespaceContextInterceptor.processInvocation(NamespaceContextInterceptor.java:50)
	at org.jboss.invocation.InterceptorContext.proceed(InterceptorContext.java:288)
	at org.jboss.as.ee.component.TCCLInterceptor.processInvocation(TCCLInterceptor.java:45)
	at org.jboss.invocation.InterceptorContext.proceed(InterceptorContext.java:288)
	at org.jboss.invocation.ChainedInterceptor.processInvocation(ChainedInterceptor.java:61)
	at org.jboss.as.ee.component.ViewService$View.invoke(ViewService.java:165)
	at org.jboss.as.ee.component.ViewDescription$1.processInvocation(ViewDescription.java:173)
	at org.jboss.invocation.InterceptorContext.proceed(InterceptorContext.java:288)
	at org.jboss.as.ejb3.component.stateful.StatefulComponentIdInterceptor.processInvocation(StatefulComponentIdInterceptor.java:52)
	at org.jboss.invocation.InterceptorContext.proceed(InterceptorContext.java:288)
	at org.jboss.invocation.ChainedInterceptor.processInvocation(ChainedInterceptor.java:61)
	at org.jboss.as.ee.component.ProxyInvocationHandler.invoke(ProxyInvocationHandler.java:72)
	at com.movies.movies_app.controller.MemberRegistration$$$view4.register(Unknown Source)
	at sun.reflect.NativeMethodAccessorImpl.invoke0(Native Method)
	at sun.reflect.NativeMethodAccessorImpl.invoke(NativeMethodAccessorImpl.java:57)
	at sun.reflect.DelegatingMethodAccessorImpl.invoke(DelegatingMethodAccessorImpl.java:43)
	at java.lang.reflect.Method.invoke(Method.java:606)
	at org.jboss.weld.util.reflection.SecureReflections$13.work(SecureReflections.java:264)
	at org.jboss.weld.util.reflection.SecureReflectionAccess.run(SecureReflectionAccess.java:52)
	at org.jboss.weld.util.reflection.SecureReflectionAccess.runAsInvocation(SecureReflectionAccess.java:137)
	at org.jboss.weld.util.reflection.SecureReflections.invoke(SecureReflections.java:260)
	at org.jboss.weld.bean.proxy.EnterpriseBeanProxyMethodHandler.invoke(EnterpriseBeanProxyMethodHandler.java:111)
	at org.jboss.weld.bean.proxy.EnterpriseTargetBeanInstance.invoke(EnterpriseTargetBeanInstance.java:56)
	at org.jboss.weld.bean.proxy.ProxyMethodHandler.invoke(ProxyMethodHandler.java:105)
	at com.movies.movies_app.controller.MemberRegistration$Proxy$_$$_Weld$Proxy$.register(MemberRegistration$Proxy$_$$_Weld$Proxy$.java)
	at com.movies.movies_app.controller.MemberRegistration$Proxy$_$$_WeldClientProxy.register(MemberRegistration$Proxy$_$$_WeldClientProxy.java)
	at com.movies.movies_app.test.MemberRegistrationTest.testRegister(MemberRegistrationTest.java:44)
	at sun.reflect.NativeMethodAccessorImpl.invoke0(Native Method)
	at sun.reflect.NativeMethodAccessorImpl.invoke(NativeMethodAccessorImpl.java:57)
	at sun.reflect.DelegatingMethodAccessorImpl.invoke(DelegatingMethodAccessorImpl.java:43)
	at java.lang.reflect.Method.invoke(Method.java:606)
	at org.junit.runners.model.FrameworkMethod$1.runReflectiveCall(FrameworkMethod.java:47)
	at org.junit.internal.runners.model.ReflectiveCallable.run(ReflectiveCallable.java:12)
	at org.junit.runners.model.FrameworkMethod.invokeExplosively(FrameworkMethod.java:44)
	at org.jboss.arquillian.junit.Arquillian$6$1.invoke(Arquillian.java:270)
	at org.jboss.arquillian.container.test.impl.execution.LocalTestExecuter.execute(LocalTestExecuter.java:60)
	at sun.reflect.NativeMethodAccessorImpl.invoke0(Native Method)
	at sun.reflect.NativeMethodAccessorImpl.invoke(NativeMethodAccessorImpl.java:57)
	at sun.reflect.DelegatingMethodAccessorImpl.invoke(DelegatingMethodAccessorImpl.java:43)
	at java.lang.reflect.Method.invoke(Method.java:606)
	at org.jboss.arquillian.core.impl.ObserverImpl.invoke(ObserverImpl.java:94)
	at org.jboss.arquillian.core.impl.EventContextImpl.invokeObservers(EventContextImpl.java:99)
	at org.jboss.arquillian.core.impl.EventContextImpl.proceed(EventContextImpl.java:81)
	at org.jboss.arquillian.core.impl.ManagerImpl.fire(ManagerImpl.java:135)
	at org.jboss.arquillian.core.impl.ManagerImpl.fire(ManagerImpl.java:115)
	at org.jboss.arquillian.core.impl.EventImpl.fire(EventImpl.java:67)
	at org.jboss.arquillian.container.test.impl.execution.ContainerTestExecuter.execute(ContainerTestExecuter.java:38)
	at sun.reflect.NativeMethodAccessorImpl.invoke0(Native Method)
	at sun.reflect.NativeMethodAccessorImpl.invoke(NativeMethodAccessorImpl.java:57)
	at sun.reflect.DelegatingMethodAccessorImpl.invoke(DelegatingMethodAccessorImpl.java:43)
	at java.lang.reflect.Method.invoke(Method.java:606)
	at org.jboss.arquillian.core.impl.ObserverImpl.invoke(ObserverImpl.java:94)
	at org.jboss.arquillian.core.impl.EventContextImpl.invokeObservers(EventContextImpl.java:99)
	at org.jboss.arquillian.core.impl.EventContextImpl.proceed(EventContextImpl.java:81)
	at org.jboss.arquillian.test.impl.TestContextHandler.createTestContext(TestContextHandler.java:89)
	at sun.reflect.NativeMethodAccessorImpl.invoke0(Native Method)
	at sun.reflect.NativeMethodAccessorImpl.invoke(NativeMethodAccessorImpl.java:57)
	at sun.reflect.DelegatingMethodAccessorImpl.invoke(DelegatingMethodAccessorImpl.java:43)
	at java.lang.reflect.Method.invoke(Method.java:606)
	at org.jboss.arquillian.core.impl.ObserverImpl.invoke(ObserverImpl.java:94)
	at org.jboss.arquillian.core.impl.EventContextImpl.proceed(EventContextImpl.java:88)
	at org.jboss.arquillian.test.impl.TestContextHandler.createClassContext(TestContextHandler.java:75)
	at sun.reflect.NativeMethodAccessorImpl.invoke0(Native Method)
	at sun.reflect.NativeMethodAccessorImpl.invoke(NativeMethodAccessorImpl.java:57)
	at sun.reflect.DelegatingMethodAccessorImpl.invoke(DelegatingMethodAccessorImpl.java:43)
	at java.lang.reflect.Method.invoke(Method.java:606)
	at org.jboss.arquillian.core.impl.ObserverImpl.invoke(ObserverImpl.java:94)
	at org.jboss.arquillian.core.impl.EventContextImpl.proceed(EventContextImpl.java:88)
	at org.jboss.arquillian.test.impl.TestContextHandler.createSuiteContext(TestContextHandler.java:60)
	at sun.reflect.NativeMethodAccessorImpl.invoke0(Native Method)
	at sun.reflect.NativeMethodAccessorImpl.invoke(NativeMethodAccessorImpl.java:57)
	at sun.reflect.DelegatingMethodAccessorImpl.invoke(DelegatingMethodAccessorImpl.java:43)
	at java.lang.reflect.Method.invoke(Method.java:606)
	at org.jboss.arquillian.core.impl.ObserverImpl.invoke(ObserverImpl.java:94)
	at org.jboss.arquillian.core.impl.EventContextImpl.proceed(EventContextImpl.java:88)
	at org.jboss.arquillian.core.impl.ManagerImpl.fire(ManagerImpl.java:135)
	at org.jboss.arquillian.test.impl.EventTestRunnerAdaptor.test(EventTestRunnerAdaptor.java:111)
	at org.jboss.arquillian.junit.Arquillian$6.evaluate(Arquillian.java:263)
	at org.jboss.arquillian.junit.Arquillian$4.evaluate(Arquillian.java:226)
	at org.jboss.arquillian.junit.Arquillian.multiExecute(Arquillian.java:314)
	at org.jboss.arquillian.junit.Arquillian.access$100(Arquillian.java:46)
	at org.jboss.arquillian.junit.Arquillian$5.evaluate(Arquillian.java:240)
	at org.junit.runners.ParentRunner.runLeaf(ParentRunner.java:271)
	at org.junit.runners.BlockJUnit4ClassRunner.runChild(BlockJUnit4ClassRunner.java:70)
	at org.junit.runners.BlockJUnit4ClassRunner.runChild(BlockJUnit4ClassRunner.java:50)
	at org.junit.runners.ParentRunner$3.run(ParentRunner.java:238)
	at org.junit.runners.ParentRunner$1.schedule(ParentRunner.java:63)
	at org.junit.runners.ParentRunner.runChildren(ParentRunner.java:236)
	at org.junit.runners.ParentRunner.access$000(ParentRunner.java:53)
	at org.junit.runners.ParentRunner$2.evaluate(ParentRunner.java:229)
	at org.jboss.arquillian.junit.Arquillian$2.evaluate(Arquillian.java:185)
	at org.jboss.arquillian.junit.Arquillian.multiExecute(Arquillian.java:314)
	at org.jboss.arquillian.junit.Arquillian.access$100(Arquillian.java:46)
	at org.jboss.arquillian.junit.Arquillian$3.evaluate(Arquillian.java:199)
	at org.junit.runners.ParentRunner.run(ParentRunner.java:309)
	at org.jboss.arquillian.junit.Arquillian.run(Arquillian.java:147)
	at org.junit.runner.JUnitCore.run(JUnitCore.java:160)
	at org.junit.runner.JUnitCore.run(JUnitCore.java:138)
	at org.jboss.arquillian.junit.container.JUnitTestRunner.execute(JUnitTestRunner.java:65)
	at org.jboss.arquillian.protocol.jmx.JMXTestRunner.runTestMethodInternal(JMXTestRunner.java:129)
	at org.jboss.arquillian.protocol.jmx.JMXTestRunner.runTestMethod(JMXTestRunner.java:108)
	at org.jboss.as.arquillian.service.ArquillianService$ExtendedJMXTestRunner.runTestMethod(ArquillianService.java:226)
	at sun.reflect.NativeMethodAccessorImpl.invoke0(Native Method)
	at sun.reflect.NativeMethodAccessorImpl.invoke(NativeMethodAccessorImpl.java:57)
	at sun.reflect.DelegatingMethodAccessorImpl.invoke(DelegatingMethodAccessorImpl.java:43)
	at java.lang.reflect.Method.invoke(Method.java:606)
	at sun.reflect.misc.Trampoline.invoke(MethodUtil.java:75)
	at sun.reflect.NativeMethodAccessorImpl.invoke0(Native Method)
	at sun.reflect.NativeMethodAccessorImpl.invoke(NativeMethodAccessorImpl.java:57)
	at sun.reflect.DelegatingMethodAccessorImpl.invoke(DelegatingMethodAccessorImpl.java:43)
	at java.lang.reflect.Method.invoke(Method.java:606)
	at sun.reflect.misc.MethodUtil.invoke(MethodUtil.java:279)
	at com.sun.jmx.mbeanserver.StandardMBeanIntrospector.invokeM2(StandardMBeanIntrospector.java:112)
	at com.sun.jmx.mbeanserver.StandardMBeanIntrospector.invokeM2(StandardMBeanIntrospector.java:46)
	at com.sun.jmx.mbeanserver.MBeanIntrospector.invokeM(MBeanIntrospector.java:237)
	at com.sun.jmx.mbeanserver.PerInterface.invoke(PerInterface.java:138)
	at com.sun.jmx.mbeanserver.MBeanSupport.invoke(MBeanSupport.java:252)
	at com.sun.jmx.interceptor.DefaultMBeanServerInterceptor.invoke(DefaultMBeanServerInterceptor.java:819)
	at com.sun.jmx.mbeanserver.JmxMBeanServer.invoke(JmxMBeanServer.java:801)
	at org.jboss.as.jmx.PluggableMBeanServerImpl$TcclMBeanServer.invoke(PluggableMBeanServerImpl.java:489)
	at org.jboss.as.jmx.PluggableMBeanServerImpl.invoke(PluggableMBeanServerImpl.java:243)
	at org.jboss.remoting3.jmx.protocol.v1.ServerProxy$InvokeHandler.handle(ServerProxy.java:1034)
	at org.jboss.remoting3.jmx.protocol.v1.ServerProxy$MessageReciever$1.run(ServerProxy.java:215)
	at java.util.concurrent.ThreadPoolExecutor.runWorker(ThreadPoolExecutor.java:1145)
	at java.util.concurrent.ThreadPoolExecutor$Worker.run(ThreadPoolExecutor.java:615)
	at java.lang.Thread.run(Thread.java:745)
Caused by: java.lang.IllegalArgumentException: Unknown entity: com.movies.movies_app.model.Member
	at org.hibernate.ejb.AbstractEntityManagerImpl.persist(AbstractEntityManagerImpl.java:856)
	at org.jboss.as.jpa.container.AbstractEntityManager.persist(AbstractEntityManager.java:563)
	at sun.reflect.NativeMethodAccessorImpl.invoke0(Native Method)
	at sun.reflect.NativeMethodAccessorImpl.invoke(NativeMethodAccessorImpl.java:57)
	at sun.reflect.DelegatingMethodAccessorImpl.invoke(DelegatingMethodAccessorImpl.java:43)
	at java.lang.reflect.Method.invoke(Method.java:606)
	at org.jboss.weld.util.reflection.SecureReflections$13.work(SecureReflections.java:264)
	at org.jboss.weld.util.reflection.SecureReflectionAccess.run(SecureReflectionAccess.java:52)
	at org.jboss.weld.util.reflection.SecureReflectionAccess.runAsInvocation(SecureReflectionAccess.java:137)
	at org.jboss.weld.util.reflection.SecureReflections.invoke(SecureReflections.java:260)
	at org.jboss.weld.bean.builtin.CallableMethodHandler.invoke(CallableMethodHandler.java:51)
	at org.jboss.weld.bean.proxy.EnterpriseTargetBeanInstance.invoke(EnterpriseTargetBeanInstance.java:56)
	at org.jboss.weld.bean.proxy.ProxyMethodHandler.invoke(ProxyMethodHandler.java:105)
	at org.jboss.weldx.persistence.EntityManager$1498860373$Proxy$_$$_Weld$Proxy$.persist(EntityManager$1498860373$Proxy$_$$_Weld$Proxy$.java)
	at com.movies.movies_app.controller.MemberRegistration.register(MemberRegistration.java:44)
	at sun.reflect.NativeMethodAccessorImpl.invoke0(Native Method)
	at sun.reflect.NativeMethodAccessorImpl.invoke(NativeMethodAccessorImpl.java:57)
	at sun.reflect.DelegatingMethodAccessorImpl.invoke(DelegatingMethodAccessorImpl.java:43)
	at java.lang.reflect.Method.invoke(Method.java:606)
	at org.jboss.as.ee.component.ManagedReferenceMethodInterceptorFactory$ManagedReferenceMethodInterceptor.processInvocation(ManagedReferenceMethodInterceptorFactory.java:72)
	at org.jboss.invocation.InterceptorContext.proceed(InterceptorContext.java:288)
	at org.jboss.invocation.InterceptorContext$Invocation.proceed(InterceptorContext.java:374)
	at org.jboss.as.weld.ejb.Jsr299BindingsInterceptor.doMethodInterception(Jsr299BindingsInterceptor.java:127)
	at org.jboss.as.weld.ejb.Jsr299BindingsInterceptor.processInvocation(Jsr299BindingsInterceptor.java:135)
	at org.jboss.as.ee.component.interceptors.UserInterceptorFactory$1.processInvocation(UserInterceptorFactory.java:36)
	at org.jboss.invocation.InterceptorContext.proceed(InterceptorContext.java:288)
	at org.jboss.invocation.WeavedInterceptor.processInvocation(WeavedInterceptor.java:53)
	at org.jboss.as.ee.component.interceptors.UserInterceptorFactory$1.processInvocation(UserInterceptorFactory.java:36)
	at org.jboss.invocation.InterceptorContext.proceed(InterceptorContext.java:288)
	at org.jboss.as.jpa.interceptor.SBInvocationInterceptor.processInvocation(SBInvocationInterceptor.java:47)
	at org.jboss.invocation.InterceptorContext.proceed(InterceptorContext.java:288)
	at org.jboss.as.jpa.interceptor.SFSBInvocationInterceptor.processInvocation(SFSBInvocationInterceptor.java:58)
	at org.jboss.invocation.InterceptorContext.proceed(InterceptorContext.java:288)
	at org.jboss.as.ejb3.component.stateful.StatefulSessionSynchronizationInterceptor.processInvocation(StatefulSessionSynchronizationInterceptor.java:156)
	at org.jboss.invocation.InterceptorContext.proceed(InterceptorContext.java:288)
	at org.jboss.as.weld.ejb.EjbRequestScopeActivationInterceptor.processInvocation(EjbRequestScopeActivationInterceptor.java:84)
	at org.jboss.invocation.InterceptorContext.proceed(InterceptorContext.java:288)
	at org.jboss.invocation.InitialInterceptor.processInvocation(InitialInterceptor.java:21)
	at org.jboss.invocation.InterceptorContext.proceed(InterceptorContext.java:288)
	at org.jboss.invocation.ChainedInterceptor.processInvocation(ChainedInterceptor.java:61)
	at org.jboss.as.ee.component.interceptors.ComponentDispatcherInterceptor.processInvocation(ComponentDispatcherInterceptor.java:53)
	at org.jboss.invocation.InterceptorContext.proceed(InterceptorContext.java:288)
	at org.jboss.as.ejb3.component.stateful.StatefulComponentInstanceInterceptor.processInvocation(StatefulComponentInstanceInterceptor.java:70)
	at org.jboss.invocation.InterceptorContext.proceed(InterceptorContext.java:288)
	at org.jboss.as.ejb3.tx.CMTTxInterceptor.invokeInOurTx(CMTTxInterceptor.java:228)
	... 133 more

]]></system-err>
  </testcase>
</testsuite>